<?xml version="1.0" encoding="UTF-8"?>
<!-- Generated by org.testng.reporters.JUnitXMLReporter -->
<testsuite hostname="test-PC" ignored="0" name="testing" tests="4" failures="0" timestamp="08 Oct 2018 09:50:59 GMT" time="0.059" errors="0">
  <testcase name="testCase1" time="0.012" classname="COre.TestngAnnotation"/>
  <testcase name="testCase2" time="0.002" classname="COre.TestngAnnotation"/>
  <testcase name="testCase1" time="0.002" classname="COre.TestngAnnotation2"/>
  <testcase name="testCase2" time="0.002" classname="COre.TestngAnnotation2"/>
</testsuite> <!-- testing -->
