<?xml version="1.0" encoding="UTF-8"?>
<!-- Generated by org.testng.reporters.JUnitXMLReporter -->
<testsuite hostname="test-PC" ignored="0" name="cOre" tests="4" failures="0" timestamp="11 Oct 2018 08:26:35 GMT" time="0.05" errors="0">
  <testcase name="testCase1" time="0.005" classname="cOre.TestngAnnotation"/>
  <testcase name="testCase2" time="0.002" classname="cOre.TestngAnnotation"/>
  <testcase name="testCase1" time="0.003" classname="cOre.TestngAnnotation2"/>
  <testcase name="testCase2" time="0.002" classname="cOre.TestngAnnotation2"/>
</testsuite> <!-- cOre -->
